<?xml version="1.0" encoding="UTF-8"?>
<!-- Generated by org.testng.reporters.JUnitXMLReporter -->
<testsuite ignored="1" hostname="3awsi" failures="0" tests="1" name="Default test" time="21.252" errors="0" timestamp="2024-09-25T11:59:01 EDT">
  <testcase classname="pagesTest.HomePageTest" name="click_login_button_test" time="8.186"/>
  <testcase classname="pagesTest.HomePageTest" name="click_logo_test" time="0.0">
    <ignored/>
  </testcase> <!-- click_logo_test -->
</testsuite> <!-- Default test -->
